<?xml version="1.0" encoding="utf-8"?><testsuites name="pytest tests"><testsuite name="pytest" errors="0" failures="0" skipped="0" tests="12" time="18.763" timestamp="2026-05-25T19:39:29.559688+00:00" hostname="agent-env-1c1abaa9-6569-4e8f-8793-a6300e6a9205"><testcase classname="backend.tests.backend_test.TestHealth" name="test_health" time="1.394" /><testcase classname="backend.tests.backend_test.TestMarketTicker" name="test_ticker_btc" time="0.381" /><testcase classname="backend.tests.backend_test.TestMarketTicker" name="test_ticker_eth" time="0.267" /><testcase classname="backend.tests.backend_test.TestMarketTicker" name="test_ticker_sol" time="0.281" /><testcase classname="backend.tests.backend_test.TestMarketTicker" name="test_ticker_all" time="0.342" /><testcase classname="backend.tests.backend_test.TestMarketTicker" name="test_ticker_invalid_symbol" time="0.248" /><testcase classname="backend.tests.backend_test.TestKlines" name="test_klines_btc_1h" time="0.254" /><testcase classname="backend.tests.backend_test.TestKlines" name="test_klines_eth_15m" time="0.268" /><testcase classname="backend.tests.backend_test.TestGlobal" name="test_global" time="0.128" /><testcase classname="backend.tests.backend_test.TestCORS" name="test_cors_allows_origin" time="0.018" /><testcase classname="backend.tests.backend_test.TestAnalyze" name="test_analyze_btc" time="11.385" /><testcase classname="backend.tests.backend_test.TestChat" name="test_chat_basic" time="3.389" /></testsuite></testsuites>